<?xml version="1.0" encoding="UTF-8"?>
<!-- Generated by org.testng.reporters.JUnitReportReporter -->
<testsuite name="com.mya.scripts.SubmitCBCApplicationWithOrgAccntCode" tests="1" time="134.274" ignored="0" failures="0" timestamp="02 Jul 2018 10:16:54 GMT" skipped="0" hostname="India-PC" errors="0">
  <testcase name="testCBCApplicationWithOrgAccntCode" time="134.274" classname="com.mya.scripts.SubmitCBCApplicationWithOrgAccntCode"/>
</testsuite> <!-- com.mya.scripts.SubmitCBCApplicationWithOrgAccntCode -->
