<?xml version="1.0" encoding="UTF-8"?>
<!-- Generated by org.testng.reporters.JUnitReportReporter -->
<testsuite name="com.mya.scripts.SubmitMJPApplicationAsComplementry" tests="1" time="78.280" ignored="0" failures="0" timestamp="18 May 2018 08:53:21 GMT" skipped="0" hostname="India-PC" errors="0">
  <testcase name="testMYPApplicationAsComplementry" time="78.280" classname="com.mya.scripts.SubmitMJPApplicationAsComplementry"/>
</testsuite> <!-- com.mya.scripts.SubmitMJPApplicationAsComplementry -->
