<?xml version="1.0" encoding="UTF-8"?>
<!-- Generated by org.testng.reporters.JUnitReportReporter -->
<testsuite name="com.mya.scripts.SubmitMYPApplicationForIndividual" tests="1" time="89.604" ignored="2" failures="0" timestamp="03 Jul 2018 07:26:29 GMT" skipped="0" hostname="India-PC" errors="0">
  <testcase name="testMYPApplicationForIndividual" time="89.604" classname="com.mya.scripts.SubmitMYPApplicationForIndividual"/>
  <testcase name="setUp" classname="com.mya.util.DriverTestCase">
    <skipped/>
  </testcase> <!-- setUp -->
  <testcase name="afterMainMethod" classname="com.mya.util.DriverTestCase">
    <skipped/>
  </testcase> <!-- afterMainMethod -->
</testsuite> <!-- com.mya.scripts.SubmitMYPApplicationForIndividual -->
