<?xml version="1.0" encoding="UTF-8"?>
<!-- Generated by org.testng.reporters.JUnitReportReporter -->
<testsuite name="com.mya.scripts.SubmitMJPApplicationFromJapan" tests="1" time="64.185" ignored="0" failures="0" timestamp="26 Mar 2018 10:08:53 GMT" skipped="0" hostname="user-PC" errors="0">
  <testcase name="testMYPApplication" time="64.185" classname="com.mya.scripts.SubmitMJPApplicationFromJapan"/>
</testsuite> <!-- com.mya.scripts.SubmitMJPApplicationFromJapan -->
