<?xml version="1.0" encoding="UTF-8"?>
<!-- Generated by org.testng.reporters.JUnitReportReporter -->
<testsuite name="com.mya.scripts.SubmitACBTApplicationForIndividual" tests="1" time="136.464" ignored="8" failures="0" timestamp="04 Jul 2018 07:41:06 GMT" skipped="0" hostname="India-PC" errors="0">
  <testcase name="testACBTApplication" time="136.464" classname="com.mya.scripts.SubmitACBTApplicationForIndividual"/>
  <testcase name="setUp" classname="com.mya.util.DriverTestCase">
    <skipped/>
  </testcase> <!-- setUp -->
  <testcase name="setUp" classname="com.mya.util.DriverTestCase">
    <skipped/>
  </testcase> <!-- setUp -->
  <testcase name="setUp" classname="com.mya.util.DriverTestCase">
    <skipped/>
  </testcase> <!-- setUp -->
  <testcase name="setUp" classname="com.mya.util.DriverTestCase">
    <skipped/>
  </testcase> <!-- setUp -->
  <testcase name="afterMainMethod" classname="com.mya.util.DriverTestCase">
    <skipped/>
  </testcase> <!-- afterMainMethod -->
  <testcase name="afterMainMethod" classname="com.mya.util.DriverTestCase">
    <skipped/>
  </testcase> <!-- afterMainMethod -->
  <testcase name="afterMainMethod" classname="com.mya.util.DriverTestCase">
    <skipped/>
  </testcase> <!-- afterMainMethod -->
  <testcase name="afterMainMethod" classname="com.mya.util.DriverTestCase">
    <skipped/>
  </testcase> <!-- afterMainMethod -->
</testsuite> <!-- com.mya.scripts.SubmitACBTApplicationForIndividual -->
