<?xml version="1.0" encoding="UTF-8"?>
<!-- Generated by org.testng.reporters.JUnitReportReporter -->
<testsuite name="com.mya.scripts.SubmitMYAApplicationForDeparted" tests="1" time="102.955" ignored="0" failures="0" timestamp="16 May 2018 10:44:48 GMT" skipped="0" hostname="India-PC" errors="0">
  <testcase name="testMYPApplicationForDeparted" time="102.955" classname="com.mya.scripts.SubmitMYAApplicationForDeparted"/>
</testsuite> <!-- com.mya.scripts.SubmitMYAApplicationForDeparted -->
