<?xml version="1.0" encoding="UTF-8"?>
<!-- Generated by org.testng.reporters.JUnitReportReporter -->
<testsuite name="com.mya.scripts.SubmitMUHApplicationForOrg" tests="1" time="117.743" ignored="0" failures="0" timestamp="09 Jul 2018 10:01:10 GMT" skipped="0" hostname="India-PC" errors="0">
  <testcase name="testMUHApplication" time="117.743" classname="com.mya.scripts.SubmitMUHApplicationForOrg"/>
</testsuite> <!-- com.mya.scripts.SubmitMUHApplicationForOrg -->
