<?xml version="1.0" encoding="UTF-8"?>
<!-- Generated by org.testng.reporters.JUnitReportReporter -->
<testsuite name="com.mya.scripts.SubmitCBCApplicationAsComplementryOverride" tests="1" time="123.179" ignored="0" failures="0" timestamp="02 Jul 2018 08:51:02 GMT" skipped="0" hostname="India-PC" errors="0">
  <testcase name="testCBCApplicationAsComplementryOverride" time="123.179" classname="com.mya.scripts.SubmitCBCApplicationAsComplementryOverride"/>
</testsuite> <!-- com.mya.scripts.SubmitCBCApplicationAsComplementryOverride -->
