<?xml version="1.0" encoding="UTF-8"?>
<!-- Generated by org.testng.reporters.JUnitReportReporter -->
<testsuite name="com.mya.scripts.SubmitMUHApplicationForOrgWithCode" tests="1" time="102.043" ignored="0" failures="0" timestamp="09 Jul 2018 10:11:17 GMT" skipped="0" hostname="India-PC" errors="0">
  <testcase name="testMUHApplicationForOrgWithCode" time="102.043" classname="com.mya.scripts.SubmitMUHApplicationForOrgWithCode"/>
</testsuite> <!-- com.mya.scripts.SubmitMUHApplicationForOrgWithCode -->
