<?xml version="1.0" encoding="UTF-8"?>
<!-- Generated by org.testng.reporters.JUnitReportReporter -->
<testsuite name="com.mya.scripts.SubmitMJPApplication" tests="1" time="103.014" ignored="0" failures="0" timestamp="12 Apr 2018 09:24:16 GMT" skipped="0" hostname="user-PC" errors="0">
  <testcase name="testMYPApplication" time="103.014" classname="com.mya.scripts.SubmitMJPApplication"/>
</testsuite> <!-- com.mya.scripts.SubmitMJPApplication -->
