<?xml version="1.0" encoding="UTF-8"?>
<!-- Generated by org.testng.reporters.JUnitReportReporter -->
<testsuite name="com.mya.scripts.SubmitCBCApplicationAsComplementry" tests="1" time="139.854" ignored="0" failures="0" timestamp="02 Jul 2018 08:46:38 GMT" skipped="0" hostname="India-PC" errors="0">
  <testcase name="testCBCApplicationAsComplementry" time="139.854" classname="com.mya.scripts.SubmitCBCApplicationAsComplementry"/>
</testsuite> <!-- com.mya.scripts.SubmitCBCApplicationAsComplementry -->
