<?xml version="1.0" encoding="UTF-8"?>
<!-- Generated by org.testng.reporters.JUnitReportReporter -->
<testsuite name="com.mya.scripts.SubmitADCBCApplicationForIndividualWithCode" tests="1" time="94.387" ignored="0" failures="0" timestamp="02 Jul 2018 10:20:58 GMT" skipped="0" hostname="India-PC" errors="0">
  <testcase name="testADCBCApplicationForIndividualWithCode" time="94.387" classname="com.mya.scripts.SubmitADCBCApplicationForIndividualWithCode"/>
</testsuite> <!-- com.mya.scripts.SubmitADCBCApplicationForIndividualWithCode -->
