<?xml version="1.0" encoding="UTF-8"?>
<!-- Generated by org.testng.reporters.JUnitReportReporter -->
<testsuite name="com.mya.scripts.SubmitADCBCApplicationForOrgWithCode" tests="1" time="88.856" ignored="0" failures="0" timestamp="15 May 2018 07:53:55 GMT" skipped="0" hostname="India-PC" errors="0">
  <testcase name="testADCBCApplicationForOrgWithCode" time="88.856" classname="com.mya.scripts.SubmitADCBCApplicationForOrgWithCode"/>
</testsuite> <!-- com.mya.scripts.SubmitADCBCApplicationForOrgWithCode -->
