<?xml version="1.0" encoding="UTF-8"?>
<!-- Generated by org.testng.reporters.JUnitReportReporter -->
<testsuite name="com.mya.scripts.SubmitADCBCApplication" tests="1" time="72.710" ignored="0" failures="0" timestamp="17 Apr 2018 11:18:59 GMT" skipped="0" hostname="user-PC" errors="0">
  <testcase name="testCBCApplication" time="72.710" classname="com.mya.scripts.SubmitADCBCApplication"/>
</testsuite> <!-- com.mya.scripts.SubmitADCBCApplication -->
