<?xml version="1.0" encoding="UTF-8"?>
<!-- Generated by org.testng.reporters.JUnitReportReporter -->
<testsuite name="com.mya.scripts.SubmitADCBCApplicationForOverride" tests="1" time="86.082" ignored="0" failures="0" timestamp="17 May 2018 09:07:04 GMT" skipped="0" hostname="India-PC" errors="0">
  <testcase name="testADCBCApplicationForOverride" time="86.082" classname="com.mya.scripts.SubmitADCBCApplicationForOverride"/>
</testsuite> <!-- com.mya.scripts.SubmitADCBCApplicationForOverride -->
