<?xml version="1.0" encoding="UTF-8"?>
<!-- Generated by org.testng.reporters.JUnitReportReporter -->
<testsuite name="com.mya.scripts.SubmitMYPApplicationForOrgwithcode" tests="1" time="91.258" ignored="0" failures="0" timestamp="03 Jul 2018 07:29:00 GMT" skipped="0" hostname="India-PC" errors="0">
  <testcase name="testMYPApplicationForOrgwithcode" time="91.258" classname="com.mya.scripts.SubmitMYPApplicationForOrgwithcode"/>
</testsuite> <!-- com.mya.scripts.SubmitMYPApplicationForOrgwithcode -->
