<?xml version="1.0" encoding="UTF-8"?>
<!-- Generated by org.testng.reporters.JUnitReportReporter -->
<testsuite name="com.mya.scripts.SubmitCBCApplication" tests="1" time="138.597" ignored="0" failures="0" timestamp="04 Jul 2018 08:05:08 GMT" skipped="0" hostname="India-PC" errors="0">
  <testcase name="testCBCApplication" time="138.597" classname="com.mya.scripts.SubmitCBCApplication"/>
</testsuite> <!-- com.mya.scripts.SubmitCBCApplication -->
