<?xml version="1.0" encoding="UTF-8"?>
<!-- Generated by org.testng.reporters.JUnitReportReporter -->
<testsuite name="com.mya.scripts.SubmitADCBCApplicationAsComplementry" tests="1" time="99.242" ignored="0" failures="0" timestamp="02 Jul 2018 10:23:22 GMT" skipped="0" hostname="India-PC" errors="0">
  <testcase name="testADCBCApplicationAsComplementry" time="99.242" classname="com.mya.scripts.SubmitADCBCApplicationAsComplementry"/>
</testsuite> <!-- com.mya.scripts.SubmitADCBCApplicationAsComplementry -->
