<?xml version="1.0" encoding="UTF-8"?>
<!-- Generated by org.testng.reporters.JUnitReportReporter -->
<testsuite name="com.mya.scripts.SubmitMUHApplicationAsOverride" tests="1" time="104.162" ignored="0" failures="0" timestamp="09 Jul 2018 08:27:25 GMT" skipped="0" hostname="India-PC" errors="0">
  <testcase name="testMUHApplicationAsOverride" time="104.162" classname="com.mya.scripts.SubmitMUHApplicationAsOverride"/>
</testsuite> <!-- com.mya.scripts.SubmitMUHApplicationAsOverride -->
