<?xml version="1.0" encoding="UTF-8"?>
<!-- Generated by org.testng.reporters.JUnitReportReporter -->
<testsuite name="com.mya.scripts.SubmitCBCApplicationWithIndvAccntCode" tests="1" time="120.417" ignored="0" failures="0" timestamp="02 Jul 2018 09:43:26 GMT" skipped="0" hostname="India-PC" errors="0">
  <testcase name="testCBCApplicationWithIndvAccntCode" time="120.417" classname="com.mya.scripts.SubmitCBCApplicationWithIndvAccntCode"/>
</testsuite> <!-- com.mya.scripts.SubmitCBCApplicationWithIndvAccntCode -->
