<?xml version="1.0" encoding="UTF-8"?>
<!-- Generated by org.testng.reporters.JUnitReportReporter -->
<testsuite name="com.mya.scripts.SubmitMUHApplicationForPMTH" tests="1" time="76.232" ignored="0" failures="0" timestamp="09 Jul 2018 08:59:26 GMT" skipped="0" hostname="India-PC" errors="0">
  <testcase name="testMUHApplicationForPMTH" time="76.232" classname="com.mya.scripts.SubmitMUHApplicationForPMTH"/>
</testsuite> <!-- com.mya.scripts.SubmitMUHApplicationForPMTH -->
