<?xml version="1.0" encoding="UTF-8"?>
<!-- Generated by org.testng.reporters.JUnitReportReporter -->
<testsuite name="com.mya.scripts.SubmitMUHApplicationAsComplementary" tests="1" time="91.928" ignored="0" failures="0" timestamp="09 Jul 2018 08:20:26 GMT" skipped="0" hostname="India-PC" errors="0">
  <testcase name="testMUHApplicationAsComplementary" time="91.928" classname="com.mya.scripts.SubmitMUHApplicationAsComplementary"/>
</testsuite> <!-- com.mya.scripts.SubmitMUHApplicationAsComplementary -->
