<?xml version="1.0" encoding="UTF-8"?>
<!-- Generated by org.testng.reporters.JUnitReportReporter -->
<testsuite name="com.mya.scripts.SubmitADCBCApplication" tests="1" time="102.780" ignored="0" failures="0" timestamp="04 Jul 2018 08:07:19 GMT" skipped="0" hostname="India-PC" errors="0">
  <testcase name="testCBCApplication" time="102.780" classname="com.mya.scripts.SubmitADCBCApplication"/>
</testsuite> <!-- com.mya.scripts.SubmitADCBCApplication -->
