<?xml version="1.0" encoding="UTF-8"?>
<!-- Generated by org.testng.reporters.JUnitReportReporter -->
<testsuite name="com.mya.scripts.SubmitCBCApplication" tests="1" time="97.402" ignored="0" failures="0" timestamp="18 Apr 2018 11:56:55 GMT" skipped="0" hostname="user-PC" errors="0">
  <testcase name="testCBCApplication" time="97.402" classname="com.mya.scripts.SubmitCBCApplication"/>
</testsuite> <!-- com.mya.scripts.SubmitCBCApplication -->
