<?xml version="1.0" encoding="UTF-8"?>
<!-- Generated by org.testng.reporters.JUnitReportReporter -->
<testsuite name="com.mya.scripts.SubmitADCBCApplicationForPMTH" tests="1" time="81.642" ignored="0" failures="0" timestamp="17 May 2018 09:26:42 GMT" skipped="0" hostname="India-PC" errors="0">
  <testcase name="testADCBCApplicationForOverride" time="81.642" classname="com.mya.scripts.SubmitADCBCApplicationForPMTH"/>
</testsuite> <!-- com.mya.scripts.SubmitADCBCApplicationForPMTH -->
