<?xml version="1.0" encoding="UTF-8"?>
<!-- Generated by org.testng.reporters.JUnitReportReporter -->
<testsuite name="com.mya.scripts.SubmitCBCApplicationAsUpgrade" tests="1" time="152.192" ignored="0" failures="0" timestamp="06 Jul 2018 07:31:48 GMT" skipped="0" hostname="India-PC" errors="0">
  <testcase name="testCBCApplicationAsUpgrade" time="152.192" classname="com.mya.scripts.SubmitCBCApplicationAsUpgrade"/>
</testsuite> <!-- com.mya.scripts.SubmitCBCApplicationAsUpgrade -->
